<?xml version="1.0" encoding="UTF-8"?>
<!-- Generated by org.testng.reporters.JUnitReportReporter -->
<testsuite hostname="mds-Air-2.home" failures="0" tests="2" name="ReqresDotIn" time="3.134" errors="0" timestamp="2020-02-18T16:36:56 EST" skipped="0">
  <testcase classname="ReqresDotIn" name="postRequest" time="1.017"/>
  <testcase classname="ReqresDotIn" name="getRequest" time="2.117"/>
</testsuite> <!-- ReqresDotIn -->
